<?xml version="1.0" encoding="UTF-8"?>
<!-- Generated by org.testng.reporters.JUnitReportReporter -->
<testsuite hostname="DESKTOP-MEL0TQP" failures="0" tests="1" name="Campaigns.CampaignWithProductTest" time="35.828" errors="0" timestamp="2023-11-27T19:51:39 IST" skipped="0">
  <testcase classname="Campaigns.CampaignWithProductTest" name="createCampaignWithProductTest" time="35.828"/>
</testsuite> <!-- Campaigns.CampaignWithProductTest -->
