<?xml version="1.0" encoding="UTF-8"?>
<!-- Generated by org.testng.reporters.JUnitReportReporter -->
<testsuite hostname="DESKTOP-MEL0TQP" failures="0" tests="3" name="Practice.ThreeMethods1" time="0.017" errors="0" timestamp="2023-12-06T19:27:56 IST" skipped="0">
  <testcase classname="Practice.ThreeMethods1" name="me3" time="0.004"/>
  <testcase classname="Practice.ThreeMethods1" name="me1" time="0.011"/>
  <testcase classname="Practice.ThreeMethods1" name="me2" time="0.002"/>
</testsuite> <!-- Practice.ThreeMethods1 -->
