<?xml version="1.0" encoding="UTF-8"?>
<!-- Generated by org.testng.reporters.JUnitReportReporter -->
<testsuite hostname="DESKTOP-MEL0TQP" failures="0" tests="1" name="Practice.TestNG2" time="16.640" errors="0" timestamp="2023-12-02T11:45:35 IST" skipped="0">
  <testcase classname="Practice.TestNG2" name="createProduct" time="16.640"/>
</testsuite> <!-- Practice.TestNG2 -->
