<?xml version="1.0" encoding="UTF-8"?>
<!-- Generated by org.testng.reporters.JUnitReportReporter -->
<testsuite hostname="DESKTOP-MEL0TQP" failures="0" tests="2" name="Practice.DataProviderEx1" time="0.012" errors="0" timestamp="2023-12-01T12:15:19 IST" skipped="0">
  <testcase classname="Practice.DataProviderEx1" name="bookTickets" time="0.000"/>
  <testcase classname="Practice.DataProviderEx1" name="bookTickets" time="0.012"/>
</testsuite> <!-- Practice.DataProviderEx1 -->
