<?xml version="1.0" encoding="UTF-8"?>
<!-- Generated by org.testng.reporters.JUnitReportReporter -->
<testsuite hostname="DESKTOP-MEL0TQP" failures="0" tests="1" name="Campaigns.CampaignWithProductTest1" time="35.625" errors="0" timestamp="2023-12-05T21:37:40 IST" skipped="0">
  <testcase classname="Campaigns.CampaignWithProductTest1" name="createCampaignWithProductTest" time="35.625"/>
</testsuite> <!-- Campaigns.CampaignWithProductTest1 -->
