<?xml version="1.0" encoding="UTF-8"?>
<!-- Generated by org.testng.reporters.JUnitReportReporter -->
<testsuite hostname="DESKTOP-MEL0TQP" failures="0" tests="1" name="Practice.OpenAmazon" time="18.753" errors="0" timestamp="2023-11-27T23:46:38 IST" skipped="0">
  <testcase classname="Practice.OpenAmazon" name="OpenAmazon" time="18.753"/>
</testsuite> <!-- Practice.OpenAmazon -->
