<?xml version="1.0" encoding="UTF-8"?>
<!-- Generated by org.testng.reporters.JUnitReportReporter -->
<testsuite hostname="DESKTOP-MEL0TQP" failures="0" tests="2" name="Practice.TestNG" time="0.011" errors="0" timestamp="2023-12-01T15:36:34 IST" skipped="1">
  <testcase classname="Practice.TestNG" name="createProduct" time="0.011"/>
  <testcase classname="Practice.TestNG" name="deleteProduct">
    <skipped/>
  </testcase> <!-- deleteProduct -->
</testsuite> <!-- Practice.TestNG -->
