<?xml version="1.0" encoding="UTF-8"?>
<!-- Generated by org.testng.reporters.JUnitReportReporter -->
<testsuite hostname="DESKTOP-MEL0TQP" failures="0" tests="1" name="Product.CreateProductAndDeleteTest1" time="16.867" errors="0" timestamp="2023-12-01T15:15:30 IST" skipped="0">
  <testcase classname="Product.CreateProductAndDeleteTest1" name="createProductAndDeleteTest1" time="16.867"/>
</testsuite> <!-- Product.CreateProductAndDeleteTest1 -->
