<?xml version="1.0" encoding="UTF-8"?>
<!-- Generated by org.testng.reporters.JUnitReportReporter -->
<testsuite hostname="DESKTOP-MEL0TQP" failures="0" tests="3" name="Practice.DataProviderEx4" time="37.614" errors="0" timestamp="2023-12-01T14:55:15 IST" skipped="0">
  <testcase classname="Practice.DataProviderEx4" name="m1" time="12.637"/>
  <testcase classname="Practice.DataProviderEx4" name="m1" time="12.447"/>
  <testcase classname="Practice.DataProviderEx4" name="m1" time="12.530"/>
</testsuite> <!-- Practice.DataProviderEx4 -->
